2015-12-01 11:50:46,026 - Jishin - ERROR - Mongo error 
2015-12-01 11:54:55,013 - Jishin - ERROR - Mongo error 
2015-12-01 12:01:16,335 - Jishin - ERROR - Mongo error 
2015-12-01 12:09:16,142 - Jishin - ERROR - Mongo error 
2015-12-01 12:10:04,848 - Jishin - ERROR - Mongo error 
2015-12-01 12:13:19,823 - Jishin - ERROR - Mongo error 
2015-12-01 12:14:34,344 - Jishin - ERROR - Mongo error 
2015-12-01 16:35:03,326 - Jishin - ERROR - Mongo error 
2015-12-01 16:53:46,172 - Jishin - ERROR - Mongo error 
2015-12-01 16:55:28,765 - Jishin - ERROR - Mongo error 
2015-12-01 16:55:40,126 - Jishin - ERROR - Mongo error 
2015-12-01 16:57:37,669 - Jishin - ERROR - Mongo error 
2015-12-01 16:57:52,643 - Jishin - ERROR - Mongo error 
2015-12-01 17:00:15,136 - Jishin - ERROR - Mongo error 
2015-12-01 17:02:09,793 - Jishin - ERROR - Mongo error 
2015-12-01 17:03:22,115 - Jishin - ERROR - Mongo error 
2015-12-01 17:05:43,726 - Jishin - ERROR - Mongo error 
2015-12-01 17:09:59,373 - Jishin - ERROR - Mongo error 
2015-12-01 17:24:07,491 - Jishin - ERROR - Mongo error 
2015-12-02 12:37:10,265 - Jishin - ERROR - Mongo error 
2015-12-02 12:40:03,462 - Jishin - ERROR - Mongo error 
2015-12-02 12:40:40,195 - Jishin - ERROR - Mongo error 
2015-12-02 12:50:42,342 - Jishin - ERROR - Mongo error 
2015-12-02 12:51:44,532 - Jishin - ERROR - Mongo error 
2015-12-02 12:55:04,316 - Jishin - ERROR - Mongo error 
2015-12-02 12:56:44,232 - Jishin - ERROR - Mongo error 
2015-12-02 12:59:19,312 - Jishin - ERROR - Mongo error 
2015-12-02 13:01:05,932 - Jishin - ERROR - Mongo error 
2015-12-02 13:04:09,915 - Jishin - ERROR - Mongo error 
2015-12-02 13:07:51,493 - Jishin - ERROR - local variable 'key' referenced before assignment
2015-12-02 13:08:56,867 - Jishin - ERROR - global name 'key' is not defined
2015-12-02 13:10:01,570 - Jishin - ERROR - string indices must be integers
2015-12-02 13:12:21,353 - Jishin - ERROR - No JSON object could be decoded
2015-12-02 13:14:18,383 - Jishin - ERROR - cannot concatenate 'str' and 'dict' objects
2015-12-02 13:15:54,433 - Jishin - ERROR - No JSON object could be decoded
2015-12-02 13:17:49,631 - Jishin - ERROR - global name 'key' is not defined
2015-12-02 13:39:39,796 - Jishin - ERROR - No JSON object could be decoded
2015-12-02 13:42:45,845 - Jishin - ERROR - string indices must be integers
2015-12-02 13:45:42,392 - Jishin - ERROR - No JSON object could be decoded
2015-12-02 13:48:56,630 - Jishin - ERROR - No JSON object could be decoded
2015-12-02 13:54:30,508 - Jishin - ERROR - No JSON object could be decoded
2015-12-02 13:55:32,511 - Jishin - ERROR - No JSON object could be decoded
2015-12-02 13:57:01,613 - Jishin - ERROR - expected string or buffer
2015-12-02 13:58:43,478 - Jishin - ERROR - No JSON object could be decoded
2015-12-02 14:30:04,970 - Jishin - ERROR - No JSON object could be decoded
2015-12-02 14:30:25,771 - Jishin - ERROR - No JSON object could be decoded
2015-12-02 14:32:39,864 - Jishin - ERROR - No JSON object could be decoded
2015-12-02 14:33:35,451 - Jishin - ERROR - No JSON object could be decoded
2015-12-02 14:34:36,115 - Jishin - ERROR - global name 'jsonPayload' is not defined
2015-12-02 14:35:08,232 - Jishin - ERROR - global name 'jsonPayload' is not defined
2015-12-02 14:35:54,972 - Jishin - ERROR - Expecting a mapping object, as JWT only supports JSON objects as payloads.
2015-12-02 14:42:32,955 - Jishin - ERROR - Expecting a mapping object, as JWT only supports JSON objects as payloads.
2015-12-02 14:43:10,966 - Jishin - ERROR - global name 'userClaims' is not defined
2015-12-02 14:43:52,153 - Jishin - ERROR - Expecting a mapping object, as JWT only supports JSON objects as payloads.
2015-12-02 14:57:44,558 - Jishin - ERROR - Expecting a mapping object, as JWT only supports JSON objects as payloads.
2015-12-02 15:05:05,753 - Jishin - ERROR - Expecting a mapping object, as JWT only supports JSON objects as payloads.
2015-12-02 15:09:03,720 - Jishin - ERROR - Expecting a mapping object, as JWT only supports JSON objects as payloads.
2015-12-02 15:10:48,246 - Jishin - ERROR - Expecting a mapping object, as JWT only supports JSON objects as payloads.
2015-12-02 15:14:55,144 - Jishin - ERROR - 'list' object has no attribute 'get'
2015-12-02 15:16:34,619 - Jishin - ERROR - Expecting a mapping object, as JWT only supports JSON objects as payloads.
2015-12-02 15:21:27,334 - Jishin - ERROR - Expecting a mapping object, as JWT only supports JSON objects as payloads.
2015-12-02 15:27:13,585 - Jishin - ERROR - Expecting a mapping object, as JWT only supports JSON objects as payloads.
2015-12-02 15:29:29,081 - Jishin - ERROR - Expecting a mapping object, as JWT only supports JSON objects as payloads.
2015-12-02 15:35:53,573 - Jishin - ERROR - Expecting a mapping object, as JWT only supports JSON objects as payloads.
2015-12-02 15:39:01,675 - Jishin - INFO - Created Token
2015-12-02 15:39:01,676 - Jishin - ERROR - global name 'key' is not defined
2015-12-02 15:39:44,648 - Jishin - INFO - Created Token
2015-12-02 15:41:30,802 - Jishin - INFO - Created Token
2015-12-02 15:42:00,821 - Jishin - INFO - Created Token
2015-12-02 15:42:24,755 - Jishin - INFO - Created Token
2015-12-02 15:44:49,610 - Jishin - INFO - Created Token
